<?xml version="1.0" encoding="UTF-8"?>
<!-- Generated by org.testng.reporters.JUnitReportReporter -->
<testsuite skipped="0" hostname="Davids-MBP" name="use_ParallelTest.ParallelTestSuite" tests="2" failures="0" timestamp="05 May 2019 04:54:56 GMT" time="0.002" errors="0">
  <testcase name="testMethodOne" time="0.001" classname="use_ParallelTest.ParallelTestSuite"/>
  <testcase name="testMethodOne" time="0.001" classname="use_ParallelTest.ParallelTestSuite"/>
</testsuite> <!-- use_ParallelTest.ParallelTestSuite -->
