<?xml version="1.0" encoding="UTF-8"?>
<!-- Generated by org.testng.reporters.JUnitReportReporter -->
<testsuite skipped="0" hostname="Davids-MBP" name="use_Regex.RegularExpGroupTest" tests="2" failures="0" timestamp="05 May 2019 04:54:56 GMT" time="0.004" errors="0">
  <testcase name="testMethodOne" time="0.004" classname="use_Regex.RegularExpGroupTest"/>
  <testcase name="testMethodTwo" time="0.000" classname="use_Regex.RegularExpGroupTest"/>
</testsuite> <!-- use_Regex.RegularExpGroupTest -->
